2016-07-26 18:22:04 DEBUG OcrConverterResource:136 - File uploaded to : Kellogs.jpeg
2016-07-26 18:22:13 DEBUG OcrConverterResource:136 - Ingredients: MiHed mm‘ sugan cuntams 2% or less 01 mah?avuv, sail,</br>BHTturtveshness</br></br>Vitamins and Minerals: \mn‘ vnamm C (assume am and swim</br>asnnrbate), niacmarmde, vitamin B5 [pyridoxine hydrochlonde), vitamin</br>Bz (nho?avin) vitamm 8‘ (mm hydroch‘ovide)‘ viLamm A palmwla‘e‘</br>iolm and, vitamin D, vitamin 9‘2.</br></br>CORN USED IN THIS PRODUCT MAY CONTAIN TRACES 0F</br>SOVBEANS.</br></br>Innmdiemes: Mail triturado‘ all'lcan contlena 2% D menos de sabof</br>mam sal‘ BHT para mamener lafrescura.</br></br>Vitaminas y Mineralas: erno, thamma C (a'mdo asco’rhicu yascorhalu</br>de 50de macmamida, vwlamma Ba (c‘uvhwdralo de pi?doxmat, wlamina</br>82 who! avma), vitamina E1 (n‘urhmrato de bamlna)‘ vnamma A</br>pa‘mnatp, acidoto’lmo‘ vitamina D‘ vitamma B12,</br></br>EL MAIZ UTILIZADU EN ESTE PRUDUCTU PUEDE CDNTENER</br>TNAZAS DE SOVA.</br></br>
2016-07-26 18:22:13 DEBUG OcrConverterResource:136 - Kellogs.jpeg Deleted
2016-07-26 18:22:13 DEBUG OcrConverterResource:136 - Saved as TXT 
2016-07-26 18:25:54 DEBUG OcrConverterResource:136 - File uploaded to : Kellogs.jpeg
2016-07-26 18:26:03 DEBUG OcrConverterResource:136 - Ingredients: MiHed mm‘ sugan cuntams 2% or less 01 mah?avuv, sail,</br>BHTturtveshness</br></br>Vitamins and Minerals: \mn‘ vnamm C (assume am and swim</br>asnnrbate), niacmarmde, vitamin B5 [pyridoxine hydrochlonde), vitamin</br>Bz (nho?avin) vitamm 8‘ (mm hydroch‘ovide)‘ viLamm A palmwla‘e‘</br>iolm and, vitamin D, vitamin 9‘2.</br></br>CORN USED IN THIS PRODUCT MAY CONTAIN TRACES 0F</br>SOVBEANS.</br></br>Innmdiemes: Mail triturado‘ all'lcan contlena 2% D menos de sabof</br>mam sal‘ BHT para mamener lafrescura.</br></br>Vitaminas y Mineralas: erno, thamma C (a'mdo asco’rhicu yascorhalu</br>de 50de macmamida, vwlamma Ba (c‘uvhwdralo de pi?doxmat, wlamina</br>82 who! avma), vitamina E1 (n‘urhmrato de bamlna)‘ vnamma A</br>pa‘mnatp, acidoto’lmo‘ vitamina D‘ vitamma B12,</br></br>EL MAIZ UTILIZADU EN ESTE PRUDUCTU PUEDE CDNTENER</br>TNAZAS DE SOVA.</br></br>
2016-07-26 18:26:03 DEBUG OcrConverterResource:136 - Kellogs.jpeg Deleted
2016-07-26 18:26:03 DEBUG OcrConverterResource:136 - Saved as TXT 
2016-07-26 18:38:20 DEBUG OcrConverterResource:140 - File uploaded to : 1-Nutrition-Facts.png
2016-07-26 18:38:23 DEBUG OcrConverterResource:140 - N utrition Facts</br>Serving Size 1 Cookie (19g)</br>Servings Per Container 10</br>Calories 90 Calories from Fat 30</br>"/a Daily Value“</br>Total Fat 3.5g</br>Saturated Fat lg</br>Trans Fat 0g</br>Cholesterol 5mg</br>Sodium 25mg</br>Total Carbohydrate-</br>Dietary Fiber 19</br>Sugars 99</br>Protein 1g</br>itamin A 2% - Vitamin C 0%</br>Calcium 2%</br>*Percent Daily Values are based on a 2,000</br>calorie diet. Your daily values may be hi her or</br>lower depending on your calorie needs:</br>Calories: 2,000 2,500</br>Total Fat Less than 65g 809</br>Saturated Fat Less than 209 25g</br>Cholesterol Less than 300mg 300mg</br>Sodium Less than 2,400m- 2.400m</br>Total Carbohydrate 300- 375</br>Dietaw Fibe 259 309</br>Calories per gram:</br>Fat 9 - Carboh drate 4 - Protein 4</br></br>
2016-07-26 18:38:23 DEBUG OcrConverterResource:140 - Failed to delete File
2016-07-26 18:38:23 DEBUG OcrConverterResource:140 - Saved as TXT 
2016-07-26 18:39:34 DEBUG OcrConverterResource:140 - File uploaded to : 1-Nutrition-Facts.png
2016-07-26 18:40:35 DEBUG OcrConverterResource:140 - N utrition Facts</br>Serving Size 1 Cookie (19g)</br>Servings Per Container 10</br>Calories 90 Calories from Fat 30</br>"/a Daily Value“</br>Total Fat 3.5g</br>Saturated Fat lg</br>Trans Fat 0g</br>Cholesterol 5mg</br>Sodium 25mg</br>Total Carbohydrate-</br>Dietary Fiber 19</br>Sugars 99</br>Protein 1g</br>itamin A 2% - Vitamin C 0%</br>Calcium 2%</br>*Percent Daily Values are based on a 2,000</br>calorie diet. Your daily values may be hi her or</br>lower depending on your calorie needs:</br>Calories: 2,000 2,500</br>Total Fat Less than 65g 809</br>Saturated Fat Less than 209 25g</br>Cholesterol Less than 300mg 300mg</br>Sodium Less than 2,400m- 2.400m</br>Total Carbohydrate 300- 375</br>Dietaw Fibe 259 309</br>Calories per gram:</br>Fat 9 - Carboh drate 4 - Protein 4</br></br>
2016-07-26 18:40:54 DEBUG OcrConverterResource:140 - Failed to delete File
2016-07-26 18:40:59 DEBUG OcrConverterResource:140 - Saved as TXT 
2016-07-26 18:47:24 DEBUG OcrConverterResource:141 - File uploaded to : 1-Nutrition-Facts.png
2016-07-26 18:47:26 DEBUG OcrConverterResource:141 - N utrition Facts</br>Serving Size 1 Cookie (19g)</br>Servings Per Container 10</br>Calories 90 Calories from Fat 30</br>"/a Daily Value“</br>Total Fat 3.5g</br>Saturated Fat lg</br>Trans Fat 0g</br>Cholesterol 5mg</br>Sodium 25mg</br>Total Carbohydrate-</br>Dietary Fiber 19</br>Sugars 99</br>Protein 1g</br>itamin A 2% - Vitamin C 0%</br>Calcium 2%</br>*Percent Daily Values are based on a 2,000</br>calorie diet. Your daily values may be hi her or</br>lower depending on your calorie needs:</br>Calories: 2,000 2,500</br>Total Fat Less than 65g 809</br>Saturated Fat Less than 209 25g</br>Cholesterol Less than 300mg 300mg</br>Sodium Less than 2,400m- 2.400m</br>Total Carbohydrate 300- 375</br>Dietaw Fibe 259 309</br>Calories per gram:</br>Fat 9 - Carboh drate 4 - Protein 4</br></br>
2016-07-26 18:47:26 DEBUG OcrConverterResource:141 - 1-Nutrition-Facts.png Deleted
2016-07-26 18:47:26 DEBUG OcrConverterResource:141 - Saved as TXT 
2016-07-26 18:49:57 DEBUG OcrConverterResource:142 -  
2016-07-26 18:49:57 DEBUG OcrConverterResource:142 - ******** New Conversion Started *******
2016-07-26 18:49:57 DEBUG OcrConverterResource:142 - File uploaded to : 1-Nutrition-Facts.png
2016-07-26 18:49:59 DEBUG OcrConverterResource:142 - N utrition Facts</br>Serving Size 1 Cookie (19g)</br>Servings Per Container 10</br>Calories 90 Calories from Fat 30</br>"/a Daily Value“</br>Total Fat 3.5g</br>Saturated Fat lg</br>Trans Fat 0g</br>Cholesterol 5mg</br>Sodium 25mg</br>Total Carbohydrate-</br>Dietary Fiber 19</br>Sugars 99</br>Protein 1g</br>itamin A 2% - Vitamin C 0%</br>Calcium 2%</br>*Percent Daily Values are based on a 2,000</br>calorie diet. Your daily values may be hi her or</br>lower depending on your calorie needs:</br>Calories: 2,000 2,500</br>Total Fat Less than 65g 809</br>Saturated Fat Less than 209 25g</br>Cholesterol Less than 300mg 300mg</br>Sodium Less than 2,400m- 2.400m</br>Total Carbohydrate 300- 375</br>Dietaw Fibe 259 309</br>Calories per gram:</br>Fat 9 - Carboh drate 4 - Protein 4</br></br>
2016-07-26 18:49:59 DEBUG OcrConverterResource:142 - 1-Nutrition-Facts.png Deleted
2016-07-26 18:49:59 DEBUG OcrConverterResource:142 - Saved as TXT 
